2021-04-08 18:51:29,166 FStart: 0
FEnd: 0
total Inactivity: 0
============

2021-04-08 18:51:33,702 
Cell: 1
xxxxxxxxxx
Start: 1617879093.701225
2021-04-08 18:51:35,697 
End: 1617879095.697391
2021-04-08 18:51:47,787 FStart: 1617879093.701225
FEnd: 1617879095.697391
total Inactivity: 1.9961659908294678
============

2021-04-08 18:51:50,444 FStart: 0
FEnd: 0
total Inactivity: 0
============

2021-04-08 18:51:51,702 
Cell: 3
xxxxxxxxxx
Start: 1617879111.7021203
2021-04-08 18:51:51,953 
End: 1617879111.9521399
2021-04-08 18:51:57,769 FStart: 1617879111.7021203
FEnd: 1617879111.9521399
total Inactivity: 0.25001955032348633
============

2021-04-08 18:52:00,105 
Cell: 4
xxxxxxxxxx
Start: 1617879120.1051264
2021-04-08 18:52:02,243 
End: 1617879122.243305
2021-04-08 18:52:04,398 FStart: 1617879120.1051264
FEnd: 1617879122.243305
total Inactivity: 2.138178586959839
============

2021-04-08 18:52:06,847 
Cell: 5
xxxxxxxxxx
Start: 1617879126.8478482
2021-04-08 18:52:06,936 
End: 1617879126.9368508
2021-04-08 18:52:10,199 FStart: 1617879126.8478482
FEnd: 1617879126.9368508
total Inactivity: 0.08900260925292969
============

2021-04-08 18:52:14,449 
Cell: 6
xxxxxxxxxx
Start: 1617879134.4490683
2021-04-08 18:52:14,619 
End: 1617879134.6190825
2021-04-08 18:52:15,908 
Cell: 6
xxxxxxxxxx
Start: 3235758270.3562574
2021-04-08 18:52:16,249 
End: 3235758270.8683004
2021-04-08 18:52:18,908 FStart: 3235758270.3562574
FEnd: 3235758270.8683004
total Inactivity: 0.5120429992675781
============

2021-04-08 18:52:24,165 FStart: 0
FEnd: 0
total Inactivity: 0
============

2021-04-08 18:52:27,308 FStart: 0
FEnd: 0
total Inactivity: 0
============

2021-04-08 18:52:28,370 
Cell: 9
xxxxxxxxxx
Start: 1617879148.370604
2021-04-08 18:52:29,596 
End: 1617879149.5967057
2021-04-08 18:52:32,748 FStart: 1617879148.370604
FEnd: 1617879149.5967057
total Inactivity: 1.2261016368865967
============

2021-04-08 18:52:34,097 
Cell: 10
xxxxxxxxxx
Start: 1617879154.0973866
2021-04-08 18:52:35,098 
End: 1617879155.0984697
2021-04-08 18:52:39,953 
Cell: 10
xxxxxxxxxx
Start: 3235758314.051261
2021-04-08 18:52:44,217 
End: 3235758319.3157005
2021-04-08 18:52:45,048 
Cell: 10
xxxxxxxxxx
Start: 4853637479.099562
2021-04-08 18:52:52,377 
End: 4853637491.693612
2021-04-08 18:52:54,220 FStart: 4853637479.099562
FEnd: 4853637491.693612
total Inactivity: 12.594050407409668
============

2021-04-08 18:52:55,238 
Cell: 11
xxxxxxxxxx
Start: 1617879175.238126
2021-04-08 18:52:56,239 
End: 1617879176.2392094
2021-04-08 18:52:59,024 FStart: 1617879175.238126
FEnd: 1617879176.2392094
total Inactivity: 1.0010833740234375
============

2021-04-08 18:53:04,933 FStart: 0
FEnd: 0
total Inactivity: 0
============

2021-04-08 18:53:11,793 FStart: 0
FEnd: 0
total Inactivity: 0
============

2021-04-08 18:53:11,880 
Cell: 14
xxxxxxxxxx
Start: 1617879191.8803096
2021-04-08 18:53:11,961 
Cell: 14
xxxxxxxxxx
Start: 3235758383.841627
2021-04-08 18:53:16,033 
End: 3235758387.913967
2021-04-08 18:53:20,681 
Cell: 14
xxxxxxxxxx
Start: 4853637584.522671
2021-04-08 18:53:23,162 
End: 4853637591.075218
2021-04-08 18:53:25,337 
Cell: 14
xxxxxxxxxx
Start: 6471516789.860104
2021-04-08 18:53:25,420 
End: 6471516796.495657
2021-04-08 18:53:29,495 
Cell: 14
xxxxxxxxxx
Start: 8089395999.355884
2021-04-08 18:53:29,827 
End: 8089396006.323464
2021-04-08 18:53:31,072 
Cell: 14
xxxxxxxxxx
Start: 9707275210.428795
2021-04-08 18:53:31,266 
End: 9707275217.590391
2021-04-08 18:53:33,942 FStart: 9707275210.428795
FEnd: 9707275217.590391
total Inactivity: 7.161596298217773
============

2021-04-08 18:53:34,031 
Cell: 15
xxxxxxxxxx
Start: 1617879214.0316026
2021-04-08 18:53:37,447 
Cell: 15
xxxxxxxxxx
Start: 3235758431.4794903
2021-04-08 18:53:42,085 
End: 3235758436.1168776
2021-04-08 18:53:43,086 
Cell: 15
xxxxxxxxxx
Start: 4853637654.565848
2021-04-08 18:53:43,588 
End: 4853637659.705277
2021-04-08 18:53:44,670 
Cell: 15
xxxxxxxxxx
Start: 6471516879.23634
2021-04-08 18:53:45,088 
End: 6471516884.793802
2021-04-08 18:53:47,161 FStart: 6471516879.23634
FEnd: 6471516884.793802
total Inactivity: 5.557462692260742
============

2021-04-08 18:53:50,465 FStart: 0
FEnd: 0
total Inactivity: 0
============

2021-04-08 18:53:56,045 
Cell: 17
xxxxxxxxxx
Start: 1617879236.0455372
2021-04-08 18:53:56,127 
End: 1617879236.127544
2021-04-08 18:54:00,530 
Cell: 17
xxxxxxxxxx
Start: 3235758476.576448
2021-04-08 18:54:02,109 
End: 3235758478.236587
2021-04-08 18:54:09,029 
Cell: 17
xxxxxxxxxx
Start: 4853637725.606069
2021-04-08 18:54:11,186 
End: 4853637729.423387
2021-04-08 18:54:13,429 
Cell: 17
xxxxxxxxxx
Start: 6471516979.0360565
2021-04-08 18:54:13,845 
End: 6471516983.268409
2021-04-08 18:54:14,926 
Cell: 17
xxxxxxxxxx
Start: 8089396233.962169
2021-04-08 18:54:17,247 
End: 8089396240.515715
2021-04-08 18:54:22,070 
Cell: 17
xxxxxxxxxx
Start: 9707275496.032877
2021-04-08 18:54:24,141 
End: 9707275504.657595
2021-04-08 18:54:33,693 
Cell: 17
xxxxxxxxxx
Start: 11325154769.726555
2021-04-08 18:54:34,719 
End: 11325154779.377357
2021-04-08 18:54:46,411 
Cell: 17
xxxxxxxxxx
Start: 12943034056.138294
2021-04-08 18:54:48,072 
End: 12943034067.450235
2021-04-08 18:54:51,148 FStart: 12943034056.138294
FEnd: 12943034067.450235
total Inactivity: 11.311941146850586
============

2021-04-08 18:54:51,232 
Cell: 18
xxxxxxxxxx
Start: 1617879291.2328796
2021-04-08 18:54:51,316 
Cell: 18
xxxxxxxxxx
Start: 3235758582.5497656
2021-04-08 18:54:59,897 
End: 3235758591.13148
2021-04-08 18:55:02,018 
Cell: 18
xxxxxxxxxx
Start: 4853637884.568544
2021-04-08 18:55:03,180 
End: 4853637894.312356
